<?xml version="1.0" encoding="UTF-8"?>
<!-- Generated by org.testng.reporters.JUnitReportReporter -->
<testsuite hostname="MARGARETs-iMac-6022.local" failures="0" tests="1" name="testNG.AboutPage" time="4.605" errors="0" timestamp="14 Jul 2020 23:30:07 GMT" skipped="0">
  <testcase classname="testNG.AboutPage" name="verify" time="4.605"/>
</testsuite> <!-- testNG.AboutPage -->
