<?xml version="1.0" encoding="UTF-8"?>
<!-- Generated by org.testng.reporters.JUnitReportReporter -->
<testsuite hostname="MARGARETs-iMac-6022.local" failures="0" tests="1" name="testNG.NewTest" time="2.691" errors="0" timestamp="14 Jul 2020 23:22:33 GMT" skipped="0">
  <testcase classname="testNG.NewTest" name="verify" time="2.691"/>
</testsuite> <!-- testNG.NewTest -->
